<?xml version="1.0" encoding="UTF-8"?>
<!-- Generated by org.testng.reporters.JUnitReportReporter -->
<testsuite hostname="WINDOWS-BVQNF6J" failures="0" tests="3" name="com.citi.test.Demo1Test" time="0.010" errors="0" timestamp="2022-10-20T15:14:17 IST" skipped="0">
  <testcase classname="com.citi.test.Demo1Test" name="validTest" time="0.007"/>
  <system-out/>
  <testcase classname="com.citi.test.Demo1Test" name="validTest" time="0.001"/>
  <system-out/>
  <testcase classname="com.citi.test.Demo1Test" name="validTest" time="0.002"/>
  <system-out/>
</testsuite> <!-- com.citi.test.Demo1Test -->
