<?xml version="1.0" encoding="UTF-8"?>
<!-- Generated by org.testng.reporters.JUnitReportReporter -->
<testsuite hostname="WINDOWS-BVQNF6J" failures="0" tests="4" name="com.citi.test.LoginTest" time="27.717" errors="0" timestamp="2022-10-21T16:09:33 IST" skipped="0">
  <testcase classname="com.citi.test.LoginTest" name="invalidCredentialTest" time="6.553"/>
  <system-out/>
  <testcase classname="com.citi.test.LoginTest" name="invalidCredentialTest" time="6.606"/>
  <system-out/>
  <testcase classname="com.citi.test.LoginTest" name="invalidCredentialTest" time="6.541"/>
  <system-out/>
  <testcase classname="com.citi.test.LoginTest" name="invalidCredentialTest" time="8.017"/>
  <system-out/>
</testsuite> <!-- com.citi.test.LoginTest -->
