<?xml version="1.0" encoding="UTF-8"?>
<!-- Generated by org.testng.reporters.JUnitReportReporter -->
<testsuite hostname="DESKTOP-B4E308O" failures="0" tests="1" name="com.citi.test.Employee_Login_With_Valid_Credentails_Test" time="21.896" errors="0" timestamp="2022-10-28T13:07:47 IST" skipped="0">
  <testcase classname="com.citi.test.Employee_Login_With_Valid_Credentails_Test" name="addEmployeeTestWithValidCredentails" time="21.896"/>
  <system-out/>
</testsuite> <!-- com.citi.test.Employee_Login_With_Valid_Credentails_Test -->
