<?xml version="1.0" encoding="UTF-8"?>
<!-- Generated by org.testng.reporters.JUnitReportReporter -->
<testsuite hostname="DESKTOP-B4E308O" failures="0" tests="4" name="com.citi.test.LoginUITest" time="85.618" errors="0" timestamp="2022-10-27T15:49:26 IST" skipped="0">
  <testcase classname="com.citi.test.LoginUITest" name="validateTitleTest" time="24.987"/>
  <system-out/>
  <testcase classname="com.citi.test.LoginUITest" name="validateTitleTest" time="20.804"/>
  <system-out/>
  <testcase classname="com.citi.test.LoginUITest" name="validatePlaceholderTest" time="22.991"/>
  <system-out/>
  <testcase classname="com.citi.test.LoginUITest" name="validatePlaceholderTest" time="16.836"/>
  <system-out/>
</testsuite> <!-- com.citi.test.LoginUITest -->
