<?xml version="1.0" encoding="UTF-8"?>
<!-- Generated by org.testng.reporters.JUnitReportReporter -->
<testsuite hostname="DESKTOP-B4E308O" failures="0" tests="1" name="com.citi.test.Employee_Login_With_Invalid_Credentails_Test" time="15.202" errors="0" timestamp="2022-10-28T13:07:47 IST" skipped="0">
  <testcase classname="com.citi.test.Employee_Login_With_Invalid_Credentails_Test" name="addEmployeeTestWithInvalidCredentails" time="15.202"/>
  <system-out/>
</testsuite> <!-- com.citi.test.Employee_Login_With_Invalid_Credentails_Test -->
